<?xml version="1.0" encoding="utf-8"?><testsuites name="pytest tests"><testsuite name="pytest" errors="0" failures="0" skipped="0" tests="5" time="1.407" timestamp="2026-08-08T15:12:55.448460+00:00" hostname="agent-env-204289cc-ebb5-4a8b-8eb5-a9b51792d94a"><testcase classname="tests.test_contact" name="test_root" time="0.236" /><testcase classname="tests.test_contact" name="test_create_contact_valid" time="0.161" /><testcase classname="tests.test_contact" name="test_create_contact_invalid_email" time="0.138" /><testcase classname="tests.test_contact" name="test_create_contact_missing_name" time="0.113" /><testcase classname="tests.test_contact" name="test_create_contact_missing_message" time="0.124" /></testsuite></testsuites>